<?xml version="1.0" encoding="UTF-8"?>
<testng-results ignored="0" total="1" passed="1" failed="0" skipped="0">
  <reporter-output>
  </reporter-output>
  <suite started-at="2026-05-28T13:24:37 IST" name="Default suite" finished-at="2026-05-28T13:24:44 IST" duration-ms="6441">
    <groups>
    </groups>
    <test started-at="2026-05-28T13:24:37 IST" name="Default test" finished-at="2026-05-28T13:24:44 IST" duration-ms="6441">
      <class name="BasedLibrary.BasedLibrary">
        <test-method signature="launchUrl()[pri:0, instance:BasedLibrary.BasedLibrary@36fc695d]" started-at="2026-05-28T13:24:37 IST" name="launchUrl" finished-at="2026-05-28T13:24:44 IST" duration-ms="6378" status="PASS">
          <reporter-output>
          </reporter-output>
        </test-method> <!-- launchUrl -->
      </class> <!-- BasedLibrary.BasedLibrary -->
    </test> <!-- Default test -->
  </suite> <!-- Default suite -->
</testng-results>
